e:\研究生课程\研一下\模式识别\handwriting\handwriting\x64\debug\qrc_handwriting.obj
e:\研究生课程\研一下\模式识别\handwriting\handwriting\x64\debug\moc_handwriting.obj
e:\研究生课程\研一下\模式识别\handwriting\handwriting\x64\debug\algo.obj
e:\研究生课程\研一下\模式识别\handwriting\handwriting\x64\debug\main.obj
e:\研究生课程\研一下\模式识别\handwriting\handwriting\x64\debug\handwriting.obj
e:\研究生课程\研一下\模式识别\handwriting\handwriting\x64\debug\vc140.pdb
e:\研究生课程\研一下\模式识别\handwriting\handwriting\generatedfiles\ui_handwriting.h
e:\研究生课程\研一下\模式识别\handwriting\handwriting\generatedfiles\qrc_handwriting.cpp
e:\研究生课程\研一下\模式识别\handwriting\handwriting\generatedfiles\debug\moc_handwriting.cpp
e:\研究生课程\研一下\模式识别\handwriting\handwriting\.\generatedfiles\debug\moc_handwriting.cpp
e:\研究生课程\研一下\模式识别\handwriting\handwriting\.\generatedfiles\qrc_handwriting.cpp
e:\研究生课程\研一下\模式识别\handwriting\handwriting\.\generatedfiles\ui_handwriting.h
e:\研究生课程\研一下\模式识别\handwriting\x64\debug\handwriting.pdb
e:\研究生课程\研一下\模式识别\handwriting\x64\debug\handwriting.exe
e:\研究生课程\研一下\模式识别\handwriting\x64\debug\handwriting.ilk
e:\研究生课程\研一下\模式识别\handwriting\handwriting\x64\debug\handwriting.tlog\cl.command.1.tlog
e:\研究生课程\研一下\模式识别\handwriting\handwriting\x64\debug\handwriting.tlog\cl.read.1.tlog
e:\研究生课程\研一下\模式识别\handwriting\handwriting\x64\debug\handwriting.tlog\cl.write.1.tlog
e:\研究生课程\研一下\模式识别\handwriting\handwriting\x64\debug\handwriting.tlog\handwriting.write.1u.tlog
e:\研究生课程\研一下\模式识别\handwriting\handwriting\x64\debug\handwriting.tlog\link.command.1.tlog
e:\研究生课程\研一下\模式识别\handwriting\handwriting\x64\debug\handwriting.tlog\link.read.1.tlog
e:\研究生课程\研一下\模式识别\handwriting\handwriting\x64\debug\handwriting.tlog\link.write.1.tlog
e:\研究生课程\研一下\模式识别\handwriting\handwriting\x64\debug\handwriting.tlog\moc.read.1u.tlog
e:\研究生课程\研一下\模式识别\handwriting\handwriting\x64\debug\handwriting.tlog\moc.write.1u.tlog
e:\研究生课程\研一下\模式识别\handwriting\handwriting\x64\debug\handwriting.tlog\rcc.read.1u.tlog
e:\研究生课程\研一下\模式识别\handwriting\handwriting\x64\debug\handwriting.tlog\rcc.write.1u.tlog
e:\研究生课程\研一下\模式识别\handwriting\handwriting\x64\debug\handwriting.tlog\uic.read.1u.tlog
e:\研究生课程\研一下\模式识别\handwriting\handwriting\x64\debug\handwriting.tlog\uic.write.1u.tlog
